# JRE version: OpenJDK Runtime Environment Temurin-21.0.8+9 (21.0.8+9) (build 21.0.8+9-LTS)
# Java VM: OpenJDK 64-Bit Server VM Temurin-21.0.8+9 (21.0.8+9-LTS, mixed mode, sharing, tiered, compressed oops, compressed class ptrs, parallel gc, windows-amd64)
GC Precious Log:
 CardTable entry size: 512
 CPUs: 12 total, 12 available
 Memory: 11992M
 Large Page Support: Disabled
 NUMA Support: Disabled
 Compressed Oops: Enabled (32-bit)
 Alignments: Space 512K, Generation 512K, Heap 2M
 Heap Min Capacity: 100M
 Heap Initial Capacity: 100M
 Heap Max Capacity: 2G
 Pre-touch: Disabled
 Parallel Workers: 10
Heap:
 PSYoungGen      total 19456K, used 13600K [0x00000000d5580000, 0x00000000d6b00000, 0x0000000100000000)
  eden space 18944K, 69% used [0x00000000d5580000,0x00000000d62493a8,0x00000000d6800000)
  from space 512K, 99% used [0x00000000d6a80000,0x00000000d6afedf8,0x00000000d6b00000)
  to   space 1024K, 0% used [0x00000000d6900000,0x00000000d6900000,0x00000000d6a00000)
 ParOldGen       total 68608K, used 43896K [0x0000000080000000, 0x0000000084300000, 0x00000000d5580000)
  object space 68608K, 63% used [0x0000000080000000,0x0000000082ade1b8,0x0000000084300000)
 Metaspace       used 66052K, committed 67520K, reserved 1114112K
  class space    used 8321K, committed 8960K, reserved 1048576K
GC Heap History (20 events):
Event: 8.848 GC heap before
{Heap before GC invocations=42 (full 3):
 PSYoungGen      total 20480K, used 20246K [0x00000000d5580000, 0x00000000d6b00000, 0x0000000100000000)
  eden space 18944K, 100% used [0x00000000d5580000,0x00000000d6800000,0x00000000d6800000)
  from space 1536K, 84% used [0x00000000d6980000,0x00000000d6ac5938,0x00000000d6b00000)
  to   space 1536K, 0% used [0x00000000d6800000,0x00000000d6800000,0x00000000d6980000)
 ParOldGen       total 68608K, used 40001K [0x0000000080000000, 0x0000000084300000, 0x00000000d5580000)
  object space 68608K, 58% used [0x0000000080000000,0x00000000827105b0,0x0000000084300000)
 Metaspace       used 59810K, committed 61120K, reserved 1114112K
  class space    used 7577K, committed 8128K, reserved 1048576K
}
Event: 8.848 GC heap after
{Heap after GC invocations=42 (full 3):
 PSYoungGen      total 20480K, used 891K [0x00000000d5580000, 0x00000000d6b00000, 0x0000000100000000)
  eden space 18944K, 0% used [0x00000000d5580000,0x00000000d5580000,0x00000000d6800000)
  from space 1536K, 58% used [0x00000000d6800000,0x00000000d68dede0,0x00000000d6980000)
  to   space 1536K, 0% used [0x00000000d6980000,0x00000000d6980000,0x00000000d6b00000)
 ParOldGen       total 68608K, used 40081K [0x0000000080000000, 0x0000000084300000, 0x00000000d5580000)
  object space 68608K, 58% used [0x0000000080000000,0x00000000827245b0,0x0000000084300000)
 Metaspace       used 59810K, committed 61120K, reserved 1114112K
  class space    used 7577K, committed 8128K, reserved 1048576K
}
Event: 8.920 GC heap before
{Heap before GC invocations=43 (full 3):
 PSYoungGen      total 20480K, used 19835K [0x00000000d5580000, 0x00000000d6b00000, 0x0000000100000000)
  eden space 18944K, 100% used [0x00000000d5580000,0x00000000d6800000,0x00000000d6800000)
  from space 1536K, 58% used [0x00000000d6800000,0x00000000d68dede0,0x00000000d6980000)
  to   space 1536K, 0% used [0x00000000d6980000,0x00000000d6980000,0x00000000d6b00000)
 ParOldGen       total 68608K, used 40081K [0x0000000080000000, 0x0000000084300000, 0x00000000d5580000)
  object space 68608K, 58% used [0x0000000080000000,0x00000000827245b0,0x0000000084300000)
 Metaspace       used 59810K, committed 61120K, reserved 1114112K
  class space    used 7577K, committed 8128K, reserved 1048576K
}
Event: 8.921 GC heap after
{Heap after GC invocations=43 (full 3):
 PSYoungGen      total 19456K, used 288K [0x00000000d5580000, 0x00000000d6a00000, 0x0000000100000000)
  eden space 18944K, 0% used [0x00000000d5580000,0x00000000d5580000,0x00000000d6800000)
  from space 512K, 56% used [0x00000000d6980000,0x00000000d69c8000,0x00000000d6a00000)
  to   space 1024K, 0% used [0x00000000d6800000,0x00000000d6800000,0x00000000d6900000)
 ParOldGen       total 68608K, used 40097K [0x0000000080000000, 0x0000000084300000, 0x00000000d5580000)
  object space 68608K, 58% used [0x0000000080000000,0x00000000827285b0,0x0000000084300000)
 Metaspace       used 59810K, committed 61120K, reserved 1114112K
  class space    used 7577K, committed 8128K, reserved 1048576K
}
Event: 8.976 GC heap before
{Heap before GC invocations=44 (full 3):
 PSYoungGen      total 19456K, used 19232K [0x00000000d5580000, 0x00000000d6a00000, 0x0000000100000000)
  eden space 18944K, 100% used [0x00000000d5580000,0x00000000d6800000,0x00000000d6800000)
  from space 512K, 56% used [0x00000000d6980000,0x00000000d69c8000,0x00000000d6a00000)
  to   space 1024K, 0% used [0x00000000d6800000,0x00000000d6800000,0x00000000d6900000)
 ParOldGen       total 68608K, used 40097K [0x0000000080000000, 0x0000000084300000, 0x00000000d5580000)
  object space 68608K, 58% used [0x0000000080000000,0x00000000827285b0,0x0000000084300000)
 Metaspace       used 59810K, committed 61120K, reserved 1114112K
  class space    used 7577K, committed 8128K, reserved 1048576K
}
Event: 8.977 GC heap after
{Heap after GC invocations=44 (full 3):
 PSYoungGen      total 19968K, used 192K [0x00000000d5580000, 0x00000000d6a00000, 0x0000000100000000)
  eden space 18944K, 0% used [0x00000000d5580000,0x00000000d5580000,0x00000000d6800000)
  from space 1024K, 18% used [0x00000000d6800000,0x00000000d6830000,0x00000000d6900000)
  to   space 512K, 0% used [0x00000000d6980000,0x00000000d6980000,0x00000000d6a00000)
 ParOldGen       total 68608K, used 40236K [0x0000000080000000, 0x0000000084300000, 0x00000000d5580000)
  object space 68608K, 58% used [0x0000000080000000,0x000000008274b020,0x0000000084300000)
 Metaspace       used 59810K, committed 61120K, reserved 1114112K
  class space    used 7577K, committed 8128K, reserved 1048576K
}
Event: 9.291 GC heap before
{Heap before GC invocations=45 (full 3):
 PSYoungGen      total 19968K, used 19136K [0x00000000d5580000, 0x00000000d6a00000, 0x0000000100000000)
  eden space 18944K, 100% used [0x00000000d5580000,0x00000000d6800000,0x00000000d6800000)
  from space 1024K, 18% used [0x00000000d6800000,0x00000000d6830000,0x00000000d6900000)
  to   space 512K, 0% used [0x00000000d6980000,0x00000000d6980000,0x00000000d6a00000)
 ParOldGen       total 68608K, used 40236K [0x0000000080000000, 0x0000000084300000, 0x00000000d5580000)
  object space 68608K, 58% used [0x0000000080000000,0x000000008274b020,0x0000000084300000)
 Metaspace       used 61652K, committed 63040K, reserved 1114112K
  class space    used 7821K, committed 8448K, reserved 1048576K
}
Event: 9.292 GC heap after
{Heap after GC invocations=45 (full 3):
 PSYoungGen      total 19456K, used 512K [0x00000000d5580000, 0x00000000d6a00000, 0x0000000100000000)
  eden space 18944K, 0% used [0x00000000d5580000,0x00000000d5580000,0x00000000d6800000)
  from space 512K, 100% used [0x00000000d6980000,0x00000000d6a00000,0x00000000d6a00000)
  to   space 1024K, 0% used [0x00000000d6800000,0x00000000d6800000,0x00000000d6900000)
 ParOldGen       total 68608K, used 40436K [0x0000000080000000, 0x0000000084300000, 0x00000000d5580000)
  object space 68608K, 58% used [0x0000000080000000,0x000000008277d030,0x0000000084300000)
 Metaspace       used 61652K, committed 63040K, reserved 1114112K
  class space    used 7821K, committed 8448K, reserved 1048576K
}
Event: 16.950 GC heap before
{Heap before GC invocations=46 (full 3):
 PSYoungGen      total 19456K, used 19445K [0x00000000d5580000, 0x00000000d6a00000, 0x0000000100000000)
  eden space 18944K, 99% used [0x00000000d5580000,0x00000000d67fd660,0x00000000d6800000)
  from space 512K, 100% used [0x00000000d6980000,0x00000000d6a00000,0x00000000d6a00000)
  to   space 1024K, 0% used [0x00000000d6800000,0x00000000d6800000,0x00000000d6900000)
 ParOldGen       total 68608K, used 40436K [0x0000000080000000, 0x0000000084300000, 0x00000000d5580000)
  object space 68608K, 58% used [0x0000000080000000,0x000000008277d030,0x0000000084300000)
 Metaspace       used 62894K, committed 64320K, reserved 1114112K
  class space    used 7968K, committed 8640K, reserved 1048576K
}
Event: 16.953 GC heap after
{Heap after GC invocations=46 (full 3):
 PSYoungGen      total 19968K, used 1008K [0x00000000d5580000, 0x00000000d6e00000, 0x0000000100000000)
  eden space 18944K, 0% used [0x00000000d5580000,0x00000000d5580000,0x00000000d6800000)
  from space 1024K, 98% used [0x00000000d6800000,0x00000000d68fc030,0x00000000d6900000)
  to   space 3072K, 0% used [0x00000000d6b00000,0x00000000d6b00000,0x00000000d6e00000)
 ParOldGen       total 68608K, used 41904K [0x0000000080000000, 0x0000000084300000, 0x00000000d5580000)
  object space 68608K, 61% used [0x0000000080000000,0x00000000828ec2e0,0x0000000084300000)
 Metaspace       used 62894K, committed 64320K, reserved 1114112K
  class space    used 7968K, committed 8640K, reserved 1048576K
}
Event: 17.861 GC heap before
{Heap before GC invocations=47 (full 3):
 PSYoungGen      total 19968K, used 19952K [0x00000000d5580000, 0x00000000d6e00000, 0x0000000100000000)
  eden space 18944K, 99% used [0x00000000d5580000,0x00000000d67ffff8,0x00000000d6800000)
  from space 1024K, 98% used [0x00000000d6800000,0x00000000d68fc030,0x00000000d6900000)
  to   space 3072K, 0% used [0x00000000d6b00000,0x00000000d6b00000,0x00000000d6e00000)
 ParOldGen       total 68608K, used 41904K [0x0000000080000000, 0x0000000084300000, 0x00000000d5580000)
  object space 68608K, 61% used [0x0000000080000000,0x00000000828ec2e0,0x0000000084300000)
 Metaspace       used 63732K, committed 65152K, reserved 1114112K
  class space    used 8065K, committed 8704K, reserved 1048576K
}
Event: 17.864 GC heap after
{Heap after GC invocations=47 (full 3):
 PSYoungGen      total 19968K, used 607K [0x00000000d5580000, 0x00000000d6c00000, 0x0000000100000000)
  eden space 18944K, 0% used [0x00000000d5580000,0x00000000d5580000,0x00000000d6800000)
  from space 1024K, 59% used [0x00000000d6b00000,0x00000000d6b97f30,0x00000000d6c00000)
  to   space 1536K, 0% used [0x00000000d6900000,0x00000000d6900000,0x00000000d6a80000)
 ParOldGen       total 68608K, used 42839K [0x0000000080000000, 0x0000000084300000, 0x00000000d5580000)
  object space 68608K, 62% used [0x0000000080000000,0x00000000829d5cc8,0x0000000084300000)
 Metaspace       used 63732K, committed 65152K, reserved 1114112K
  class space    used 8065K, committed 8704K, reserved 1048576K
}
Event: 18.537 GC heap before
{Heap before GC invocations=48 (full 3):
 PSYoungGen      total 19968K, used 19551K [0x00000000d5580000, 0x00000000d6c00000, 0x0000000100000000)
  eden space 18944K, 100% used [0x00000000d5580000,0x00000000d6800000,0x00000000d6800000)
  from space 1024K, 59% used [0x00000000d6b00000,0x00000000d6b97f30,0x00000000d6c00000)
  to   space 1536K, 0% used [0x00000000d6900000,0x00000000d6900000,0x00000000d6a80000)
 ParOldGen       total 68608K, used 42839K [0x0000000080000000, 0x0000000084300000, 0x00000000d5580000)
  object space 68608K, 62% used [0x0000000080000000,0x00000000829d5cc8,0x0000000084300000)
 Metaspace       used 63980K, committed 65408K, reserved 1114112K
  class space    used 8092K, committed 8704K, reserved 1048576K
}
Event: 18.539 GC heap after
{Heap after GC invocations=48 (full 3):
 PSYoungGen      total 20480K, used 512K [0x00000000d5580000, 0x00000000d6b80000, 0x0000000100000000)
  eden space 18944K, 0% used [0x00000000d5580000,0x00000000d5580000,0x00000000d6800000)
  from space 1536K, 33% used [0x00000000d6900000,0x00000000d6980000,0x00000000d6a80000)
  to   space 1024K, 0% used [0x00000000d6a80000,0x00000000d6a80000,0x00000000d6b80000)
 ParOldGen       total 68608K, used 43181K [0x0000000080000000, 0x0000000084300000, 0x00000000d5580000)
  object space 68608K, 62% used [0x0000000080000000,0x0000000082a2b490,0x0000000084300000)
 Metaspace       used 63980K, committed 65408K, reserved 1114112K
  class space    used 8092K, committed 8704K, reserved 1048576K
}
Event: 21.150 GC heap before
{Heap before GC invocations=49 (full 3):
 PSYoungGen      total 20480K, used 19434K [0x00000000d5580000, 0x00000000d6b80000, 0x0000000100000000)
  eden space 18944K, 99% used [0x00000000d5580000,0x00000000d67fabf0,0x00000000d6800000)
  from space 1536K, 33% used [0x00000000d6900000,0x00000000d6980000,0x00000000d6a80000)
  to   space 1024K, 0% used [0x00000000d6a80000,0x00000000d6a80000,0x00000000d6b80000)
 ParOldGen       total 68608K, used 43181K [0x0000000080000000, 0x0000000084300000, 0x00000000d5580000)
  object space 68608K, 62% used [0x0000000080000000,0x0000000082a2b490,0x0000000084300000)
 Metaspace       used 64191K, committed 65600K, reserved 1114112K
  class space    used 8101K, committed 8704K, reserved 1048576K
}
Event: 21.152 GC heap after
{Heap after GC invocations=49 (full 3):
 PSYoungGen      total 19456K, used 447K [0x00000000d5580000, 0x00000000d6b00000, 0x0000000100000000)
  eden space 18944K, 0% used [0x00000000d5580000,0x00000000d5580000,0x00000000d6800000)
  from space 512K, 87% used [0x00000000d6a80000,0x00000000d6aeff58,0x00000000d6b00000)
  to   space 512K, 0% used [0x00000000d6a00000,0x00000000d6a00000,0x00000000d6a80000)
 ParOldGen       total 68608K, used 43429K [0x0000000080000000, 0x0000000084300000, 0x00000000d5580000)
  object space 68608K, 63% used [0x0000000080000000,0x0000000082a694b0,0x0000000084300000)
 Metaspace       used 64191K, committed 65600K, reserved 1114112K
  class space    used 8101K, committed 8704K, reserved 1048576K
}
Event: 22.467 GC heap before
{Heap before GC invocations=50 (full 3):
 PSYoungGen      total 19456K, used 19391K [0x00000000d5580000, 0x00000000d6b00000, 0x0000000100000000)
  eden space 18944K, 100% used [0x00000000d5580000,0x00000000d6800000,0x00000000d6800000)
  from space 512K, 87% used [0x00000000d6a80000,0x00000000d6aeff58,0x00000000d6b00000)
  to   space 512K, 0% used [0x00000000d6a00000,0x00000000d6a00000,0x00000000d6a80000)
 ParOldGen       total 68608K, used 43429K [0x0000000080000000, 0x0000000084300000, 0x00000000d5580000)
  object space 68608K, 63% used [0x0000000080000000,0x0000000082a694b0,0x0000000084300000)
 Metaspace       used 64340K, committed 65664K, reserved 1114112K
  class space    used 8119K, committed 8704K, reserved 1048576K
}
Event: 22.468 GC heap after
{Heap after GC invocations=50 (full 3):
 PSYoungGen      total 19456K, used 320K [0x00000000d5580000, 0x00000000d6b00000, 0x0000000100000000)
  eden space 18944K, 0% used [0x00000000d5580000,0x00000000d5580000,0x00000000d6800000)
  from space 512K, 62% used [0x00000000d6a00000,0x00000000d6a50000,0x00000000d6a80000)
  to   space 512K, 0% used [0x00000000d6a80000,0x00000000d6a80000,0x00000000d6b00000)
 ParOldGen       total 68608K, used 43636K [0x0000000080000000, 0x0000000084300000, 0x00000000d5580000)
  object space 68608K, 63% used [0x0000000080000000,0x0000000082a9d3d8,0x0000000084300000)
 Metaspace       used 64340K, committed 65664K, reserved 1114112K
  class space    used 8119K, committed 8704K, reserved 1048576K
}
Event: 23.226 GC heap before
{Heap before GC invocations=51 (full 3):
 PSYoungGen      total 19456K, used 19249K [0x00000000d5580000, 0x00000000d6b00000, 0x0000000100000000)
  eden space 18944K, 99% used [0x00000000d5580000,0x00000000d67fc498,0x00000000d6800000)
  from space 512K, 62% used [0x00000000d6a00000,0x00000000d6a50000,0x00000000d6a80000)
  to   space 512K, 0% used [0x00000000d6a80000,0x00000000d6a80000,0x00000000d6b00000)
 ParOldGen       total 68608K, used 43636K [0x0000000080000000, 0x0000000084300000, 0x00000000d5580000)
  object space 68608K, 63% used [0x0000000080000000,0x0000000082a9d3d8,0x0000000084300000)
 Metaspace       used 65509K, committed 66944K, reserved 1114112K
  class space    used 8258K, committed 8832K, reserved 1048576K
}
Event: 23.228 GC heap after
{Heap after GC invocations=51 (full 3):
 PSYoungGen      total 19456K, used 507K [0x00000000d5580000, 0x00000000d6b00000, 0x0000000100000000)
  eden space 18944K, 0% used [0x00000000d5580000,0x00000000d5580000,0x00000000d6800000)
  from space 512K, 99% used [0x00000000d6a80000,0x00000000d6afedf8,0x00000000d6b00000)
  to   space 1024K, 0% used [0x00000000d6900000,0x00000000d6900000,0x00000000d6a00000)
 ParOldGen       total 68608K, used 43896K [0x0000000080000000, 0x0000000084300000, 0x00000000d5580000)
  object space 68608K, 63% used [0x0000000080000000,0x0000000082ade1b8,0x0000000084300000)
 Metaspace       used 65509K, committed 66944K, reserved 1114112K
  class space    used 8258K, committed 8832K, reserved 1048576K
}

